Flow report for TP_Montre
Mon Oct 24 15:06:37 2022
Quartus II 64-Bit Version 13.0.1 Build 232 06/12/2013 Service Pack 1 SJ Web Edition


---------------------
; Table of Contents ;
---------------------
  1. Legal Notice
  2. Flow Summary
  3. Flow Settings
  4. Flow Non-Default Global Settings
  5. Flow Elapsed Time
  6. Flow OS Summary
  7. Flow Log
  8. Flow Messages
  9. Flow Suppressed Messages



----------------
; Legal Notice ;
----------------
Copyright (C) 1991-2013 Altera Corporation
Your use of Altera Corporation's design tools, logic functions 
and other software and tools, and its AMPP partner logic 
functions, and any output files from any of the foregoing 
(including device programming or simulation files), and any 
associated documentation or information are expressly subject 
to the terms and conditions of the Altera Program License 
Subscription Agreement, Altera MegaCore Function License 
Agreement, or other applicable license agreement, including, 
without limitation, that your use is for the sole purpose of 
programming logic devices manufactured by Altera and sold by 
Altera or its authorized distributors.  Please refer to the 
applicable agreement for further details.



+--------------------------------------------------------------------------------------+
; Flow Summary                                                                         ;
+------------------------------------+-------------------------------------------------+
; Flow Status                        ; Successful - Mon Oct 24 15:06:32 2022           ;
; Quartus II 64-Bit Version          ; 13.0.1 Build 232 06/12/2013 SP 1 SJ Web Edition ;
; Revision Name                      ; TP_Montre                                       ;
; Top-level Entity Name              ; TP_Montre                                       ;
; Family                             ; Cyclone II                                      ;
; Device                             ; EP2C20F484C7                                    ;
; Timing Models                      ; Final                                           ;
; Total logic elements               ; 2,820 / 18,752 ( 15 % )                         ;
;     Total combinational functions  ; 2,454 / 18,752 ( 13 % )                         ;
;     Dedicated logic registers      ; 1,826 / 18,752 ( 10 % )                         ;
; Total registers                    ; 1894                                            ;
; Total pins                         ; 100 / 315 ( 32 % )                              ;
; Total virtual pins                 ; 0                                               ;
; Total memory bits                  ; 11,264 / 239,616 ( 5 % )                        ;
; Embedded Multiplier 9-bit elements ; 0 / 52 ( 0 % )                                  ;
; Total PLLs                         ; 1 / 4 ( 25 % )                                  ;
+------------------------------------+-------------------------------------------------+


+-----------------------------------------+
; Flow Settings                           ;
+-------------------+---------------------+
; Option            ; Setting             ;
+-------------------+---------------------+
; Start date & time ; 10/24/2022 15:05:56 ;
; Main task         ; Compilation         ;
; Revision Name     ; TP_Montre           ;
+-------------------+---------------------+


+------------------------------------------------------------------------------------------------------------------------------------------------------------------+
; Flow Non-Default Global Settings                                                                                                                                 ;
+-------------------------------------+-------------------------------------------------------------+---------------+---------------------------------+------------+
; Assignment Name                     ; Value                                                       ; Default Value ; Entity Name                     ; Section Id ;
+-------------------------------------+-------------------------------------------------------------+---------------+---------------------------------+------------+
; COMPILER_SIGNATURE_ID               ; 238177196308914.166661675508332                             ; --            ; --                              ; --         ;
; IP_TOOL_ENV                         ; Qsys                                                        ; --            ; --                              ; --         ;
; IP_TOOL_ENV                         ; Qsys                                                        ; --            ; TP_Montre_CPU                   ; --         ;
; IP_TOOL_ENV                         ; Qsys                                                        ; --            ; TP_Montre_JTAG_UART             ; --         ;
; IP_TOOL_ENV                         ; Qsys                                                        ; --            ; TP_Montre_SDRAM_controller      ; --         ;
; IP_TOOL_ENV                         ; Qsys                                                        ; --            ; TP_Montre_SYS_Id                ; --         ;
; IP_TOOL_ENV                         ; Qsys                                                        ; --            ; TP_Montre_Timer                 ; --         ;
; IP_TOOL_ENV                         ; Qsys                                                        ; --            ; TP_Montre_addr_router           ; --         ;
; IP_TOOL_ENV                         ; Qsys                                                        ; --            ; TP_Montre_addr_router_001       ; --         ;
; IP_TOOL_ENV                         ; Qsys                                                        ; --            ; TP_Montre_cmd_xbar_demux        ; --         ;
; IP_TOOL_ENV                         ; Qsys                                                        ; --            ; TP_Montre_cmd_xbar_demux_001    ; --         ;
; IP_TOOL_ENV                         ; Qsys                                                        ; --            ; TP_Montre_cmd_xbar_mux          ; --         ;
; IP_TOOL_ENV                         ; Qsys                                                        ; --            ; TP_Montre_id_router             ; --         ;
; IP_TOOL_ENV                         ; Qsys                                                        ; --            ; TP_Montre_id_router_001         ; --         ;
; IP_TOOL_ENV                         ; Qsys                                                        ; --            ; TP_Montre_id_router_002         ; --         ;
; IP_TOOL_ENV                         ; Qsys                                                        ; --            ; TP_Montre_irq_mapper            ; --         ;
; IP_TOOL_ENV                         ; Qsys                                                        ; --            ; TP_Montre_rsp_xbar_demux_002    ; --         ;
; IP_TOOL_ENV                         ; Qsys                                                        ; --            ; TP_Montre_rsp_xbar_mux          ; --         ;
; IP_TOOL_ENV                         ; Qsys                                                        ; --            ; TP_Montre_rsp_xbar_mux_001      ; --         ;
; IP_TOOL_ENV                         ; Qsys                                                        ; --            ; altera_avalon_sc_fifo           ; --         ;
; IP_TOOL_ENV                         ; Qsys                                                        ; --            ; altera_merlin_burst_adapter     ; --         ;
; IP_TOOL_ENV                         ; Qsys                                                        ; --            ; altera_merlin_master_agent      ; --         ;
; IP_TOOL_ENV                         ; Qsys                                                        ; --            ; altera_merlin_master_translator ; --         ;
; IP_TOOL_ENV                         ; Qsys                                                        ; --            ; altera_merlin_slave_agent       ; --         ;
; IP_TOOL_ENV                         ; Qsys                                                        ; --            ; altera_merlin_slave_translator  ; --         ;
; IP_TOOL_ENV                         ; Qsys                                                        ; --            ; altera_merlin_width_adapter     ; --         ;
; IP_TOOL_ENV                         ; Qsys                                                        ; --            ; altera_reset_controller         ; --         ;
; IP_TOOL_NAME                        ; Qsys                                                        ; --            ; --                              ; --         ;
; IP_TOOL_NAME                        ; altera_nios2_qsys                                           ; --            ; TP_Montre_CPU                   ; --         ;
; IP_TOOL_NAME                        ; altera_avalon_jtag_uart                                     ; --            ; TP_Montre_JTAG_UART             ; --         ;
; IP_TOOL_NAME                        ; altera_avalon_new_sdram_controller                          ; --            ; TP_Montre_SDRAM_controller      ; --         ;
; IP_TOOL_NAME                        ; altera_avalon_sysid_qsys                                    ; --            ; TP_Montre_SYS_Id                ; --         ;
; IP_TOOL_NAME                        ; altera_avalon_timer                                         ; --            ; TP_Montre_Timer                 ; --         ;
; IP_TOOL_NAME                        ; altera_merlin_router                                        ; --            ; TP_Montre_addr_router           ; --         ;
; IP_TOOL_NAME                        ; altera_merlin_router                                        ; --            ; TP_Montre_addr_router_001       ; --         ;
; IP_TOOL_NAME                        ; altera_merlin_demultiplexer                                 ; --            ; TP_Montre_cmd_xbar_demux        ; --         ;
; IP_TOOL_NAME                        ; altera_merlin_demultiplexer                                 ; --            ; TP_Montre_cmd_xbar_demux_001    ; --         ;
; IP_TOOL_NAME                        ; altera_merlin_multiplexer                                   ; --            ; TP_Montre_cmd_xbar_mux          ; --         ;
; IP_TOOL_NAME                        ; altera_merlin_router                                        ; --            ; TP_Montre_id_router             ; --         ;
; IP_TOOL_NAME                        ; altera_merlin_router                                        ; --            ; TP_Montre_id_router_001         ; --         ;
; IP_TOOL_NAME                        ; altera_merlin_router                                        ; --            ; TP_Montre_id_router_002         ; --         ;
; IP_TOOL_NAME                        ; altera_irq_mapper                                           ; --            ; TP_Montre_irq_mapper            ; --         ;
; IP_TOOL_NAME                        ; altera_merlin_demultiplexer                                 ; --            ; TP_Montre_rsp_xbar_demux_002    ; --         ;
; IP_TOOL_NAME                        ; altera_merlin_multiplexer                                   ; --            ; TP_Montre_rsp_xbar_mux          ; --         ;
; IP_TOOL_NAME                        ; altera_merlin_multiplexer                                   ; --            ; TP_Montre_rsp_xbar_mux_001      ; --         ;
; IP_TOOL_NAME                        ; altera_avalon_sc_fifo                                       ; --            ; altera_avalon_sc_fifo           ; --         ;
; IP_TOOL_NAME                        ; altera_merlin_burst_adapter                                 ; --            ; altera_merlin_burst_adapter     ; --         ;
; IP_TOOL_NAME                        ; altera_merlin_master_agent                                  ; --            ; altera_merlin_master_agent      ; --         ;
; IP_TOOL_NAME                        ; altera_merlin_master_translator                             ; --            ; altera_merlin_master_translator ; --         ;
; IP_TOOL_NAME                        ; altera_merlin_slave_agent                                   ; --            ; altera_merlin_slave_agent       ; --         ;
; IP_TOOL_NAME                        ; altera_merlin_slave_translator                              ; --            ; altera_merlin_slave_translator  ; --         ;
; IP_TOOL_NAME                        ; altera_merlin_width_adapter                                 ; --            ; altera_merlin_width_adapter     ; --         ;
; IP_TOOL_NAME                        ; altera_reset_controller                                     ; --            ; altera_reset_controller         ; --         ;
; IP_TOOL_VERSION                     ; 13.0sp1                                                     ; --            ; --                              ; --         ;
; IP_TOOL_VERSION                     ; 13.0                                                        ; --            ; TP_Montre_CPU                   ; --         ;
; IP_TOOL_VERSION                     ; 13.0.1.99.2                                                 ; --            ; TP_Montre_JTAG_UART             ; --         ;
; IP_TOOL_VERSION                     ; 13.0.1.99.2                                                 ; --            ; TP_Montre_SDRAM_controller      ; --         ;
; IP_TOOL_VERSION                     ; 13.0                                                        ; --            ; TP_Montre_SYS_Id                ; --         ;
; IP_TOOL_VERSION                     ; 13.0.1.99.2                                                 ; --            ; TP_Montre_Timer                 ; --         ;
; IP_TOOL_VERSION                     ; 13.0                                                        ; --            ; TP_Montre_addr_router           ; --         ;
; IP_TOOL_VERSION                     ; 13.0                                                        ; --            ; TP_Montre_addr_router_001       ; --         ;
; IP_TOOL_VERSION                     ; 13.0                                                        ; --            ; TP_Montre_cmd_xbar_demux        ; --         ;
; IP_TOOL_VERSION                     ; 13.0                                                        ; --            ; TP_Montre_cmd_xbar_demux_001    ; --         ;
; IP_TOOL_VERSION                     ; 13.0                                                        ; --            ; TP_Montre_cmd_xbar_mux          ; --         ;
; IP_TOOL_VERSION                     ; 13.0                                                        ; --            ; TP_Montre_id_router             ; --         ;
; IP_TOOL_VERSION                     ; 13.0                                                        ; --            ; TP_Montre_id_router_001         ; --         ;
; IP_TOOL_VERSION                     ; 13.0                                                        ; --            ; TP_Montre_id_router_002         ; --         ;
; IP_TOOL_VERSION                     ; 13.0                                                        ; --            ; TP_Montre_irq_mapper            ; --         ;
; IP_TOOL_VERSION                     ; 13.0                                                        ; --            ; TP_Montre_rsp_xbar_demux_002    ; --         ;
; IP_TOOL_VERSION                     ; 13.0                                                        ; --            ; TP_Montre_rsp_xbar_mux          ; --         ;
; IP_TOOL_VERSION                     ; 13.0                                                        ; --            ; TP_Montre_rsp_xbar_mux_001      ; --         ;
; IP_TOOL_VERSION                     ; 13.0                                                        ; --            ; altera_avalon_sc_fifo           ; --         ;
; IP_TOOL_VERSION                     ; 13.0                                                        ; --            ; altera_merlin_burst_adapter     ; --         ;
; IP_TOOL_VERSION                     ; 13.0                                                        ; --            ; altera_merlin_master_agent      ; --         ;
; IP_TOOL_VERSION                     ; 13.0                                                        ; --            ; altera_merlin_master_translator ; --         ;
; IP_TOOL_VERSION                     ; 13.0                                                        ; --            ; altera_merlin_slave_agent       ; --         ;
; IP_TOOL_VERSION                     ; 13.0                                                        ; --            ; altera_merlin_slave_translator  ; --         ;
; IP_TOOL_VERSION                     ; 13.0                                                        ; --            ; altera_merlin_width_adapter     ; --         ;
; IP_TOOL_VERSION                     ; 13.0                                                        ; --            ; altera_reset_controller         ; --         ;
; MAX_CORE_JUNCTION_TEMP              ; 85                                                          ; --            ; --                              ; --         ;
; MIN_CORE_JUNCTION_TEMP              ; 0                                                           ; --            ; --                              ; --         ;
; MISC_FILE                           ; TP_Montre/synthesis/../../TP_Montre.cmp                     ; --            ; --                              ; --         ;
; MISC_FILE                           ; TP_Montre/synthesis/../../TP_Montre.qsys                    ; --            ; --                              ; --         ;
; PARTITION_COLOR                     ; 16764057                                                    ; --            ; --                              ; Top        ;
; PARTITION_FITTER_PRESERVATION_LEVEL ; PLACEMENT_AND_ROUTING                                       ; --            ; --                              ; Top        ;
; PARTITION_NETLIST_TYPE              ; SOURCE                                                      ; --            ; --                              ; Top        ;
; PROJECT_OUTPUT_DIRECTORY            ; output_files                                                ; --            ; --                              ; --         ;
; SLD_INFO                            ; QSYS_NAME TP_Montre HAS_SOPCINFO 1 GENERATION_ID 1665655599 ; --            ; --                              ; --         ;
; SOPCINFO_FILE                       ; TP_Montre/synthesis/../../TP_Montre.sopcinfo                ; --            ; --                              ; --         ;
; SYNTHESIS_ONLY_QIP                  ; On                                                          ; --            ; --                              ; --         ;
+-------------------------------------+-------------------------------------------------------------+---------------+---------------------------------+------------+


+-------------------------------------------------------------------------------------------------------------------------------+
; Flow Elapsed Time                                                                                                             ;
+---------------------------+--------------+-------------------------+---------------------+------------------------------------+
; Module Name               ; Elapsed Time ; Average Processors Used ; Peak Virtual Memory ; Total CPU Time (on all processors) ;
+---------------------------+--------------+-------------------------+---------------------+------------------------------------+
; Analysis & Synthesis      ; 00:00:17     ; 1.0                     ; 4775 MB             ; 00:00:15                           ;
; Fitter                    ; 00:00:14     ; 1.0                     ; 4936 MB             ; 00:00:13                           ;
; Assembler                 ; 00:00:04     ; 1.0                     ; 4604 MB             ; 00:00:04                           ;
; TimeQuest Timing Analyzer ; 00:00:04     ; 1.0                     ; 4623 MB             ; 00:00:04                           ;
; Total                     ; 00:00:39     ; --                      ; --                  ; 00:00:36                           ;
+---------------------------+--------------+-------------------------+---------------------+------------------------------------+


+----------------------------------------------------------------------------------------+
; Flow OS Summary                                                                        ;
+---------------------------+------------------+-----------+------------+----------------+
; Module Name               ; Machine Hostname ; OS Name   ; OS Version ; Processor type ;
+---------------------------+------------------+-----------+------------+----------------+
; Analysis & Synthesis      ; DESKTOP-GH52KT8  ; Windows 7 ; 6.2        ; x86_64         ;
; Fitter                    ; DESKTOP-GH52KT8  ; Windows 7 ; 6.2        ; x86_64         ;
; Assembler                 ; DESKTOP-GH52KT8  ; Windows 7 ; 6.2        ; x86_64         ;
; TimeQuest Timing Analyzer ; DESKTOP-GH52KT8  ; Windows 7 ; 6.2        ; x86_64         ;
+---------------------------+------------------+-----------+------------+----------------+


------------
; Flow Log ;
------------
quartus_map --read_settings_files=on --write_settings_files=off TP_Montre -c TP_Montre
quartus_fit --read_settings_files=off --write_settings_files=off TP_Montre -c TP_Montre
quartus_asm --read_settings_files=off --write_settings_files=off TP_Montre -c TP_Montre
quartus_sta TP_Montre -c TP_Montre



